<?xml version="1.0" encoding="UTF-8"?>
<!-- Generated by org.testng.reporters.JUnitXMLReporter -->
<testsuite hostname="DESKTOP-97D7SMM" name=" FailureTest2" tests="1" failures="0" timestamp="24 Jun 2020 06:11:50 GMT" time="13.022" errors="0">
  <testcase name="@BeforeTest initilizedriver" time="0.0" classname="Academy.FailureTest2">
    <failure type="org.openqa.selenium.SessionNotCreatedException" message="session not created
from chrome not reachable
  (Session info: chrome=83.0.4103.106)
Build info: version: &amp;apos;3.141.59&amp;apos;, revision: &amp;apos;e82be7d358&amp;apos;, time: &amp;apos;2018-11-14T08:17:03&amp;apos;
System info: host: &amp;apos;DESKTOP-97D7SMM&amp;apos;, ip: &amp;apos;192.168.0.67&amp;apos;, os.name: &amp;apos;Windows 10&amp;apos;, os.arch: &amp;apos;amd64&amp;apos;, os.version: &amp;apos;10.0&amp;apos;, java.version: &amp;apos;1.8.0_241&amp;apos;
Driver info: driver.version: ChromeDriver
remote stacktrace: Backtrace:
	Ordinal0 [0x00F69563+2725219]
	Ordinal0 [0x00E68551+1672529]
	Ordinal0 [0x00D50202+524802]
	Ordinal0 [0x00D499B2+498098]
	Ordinal0 [0x00D4A09B+499867]
	Ordinal0 [0x00D4AFF5+503797]
	Ordinal0 [0x00D46994+485780]
	Ordinal0 [0x00D50FF0+528368]
	Ordinal0 [0x00CFD6C9+186057]
	Ordinal0 [0x00CFCA3D+182845]
	Ordinal0 [0x00CFA94B+174411]
	Ordinal0 [0x00CE2528+75048]
	Ordinal0 [0x00CE35A0+79264]
	Ordinal0 [0x00CE3539+79161]
	Ordinal0 [0x00E7D607+1758727]
	GetHandleVerifier [0x01086546+1050150]
	GetHandleVerifier [0x01086291+1049457]
	GetHandleVerifier [0x010910D7+1094071]
	GetHandleVerifier [0x01086B46+1051686]
	Ordinal0 [0x00E75B06+1727238]
	Ordinal0 [0x00E7EB7B+1764219]
	Ordinal0 [0x00E7ECE3+1764579]
	Ordinal0 [0x00E94C05+1854469]
	BaseThreadInitThunk [0x76F96359+25]
	RtlGetAppContainerNamedObjectPath [0x77157C24+228]
	RtlGetAppContainerNamedObjectPath [0x77157BF4+180]
">
      <![CDATA[org.openqa.selenium.SessionNotCreatedException: session not created
from chrome not reachable
  (Session info: chrome=83.0.4103.106)
Build info: version: '3.141.59', revision: 'e82be7d358', time: '2018-11-14T08:17:03'
System info: host: 'DESKTOP-97D7SMM', ip: '192.168.0.67', os.name: 'Windows 10', os.arch: 'amd64', os.version: '10.0', java.version: '1.8.0_241'
Driver info: driver.version: ChromeDriver
remote stacktrace: Backtrace:
	Ordinal0 [0x00F69563+2725219]
	Ordinal0 [0x00E68551+1672529]
	Ordinal0 [0x00D50202+524802]
	Ordinal0 [0x00D499B2+498098]
	Ordinal0 [0x00D4A09B+499867]
	Ordinal0 [0x00D4AFF5+503797]
	Ordinal0 [0x00D46994+485780]
	Ordinal0 [0x00D50FF0+528368]
	Ordinal0 [0x00CFD6C9+186057]
	Ordinal0 [0x00CFCA3D+182845]
	Ordinal0 [0x00CFA94B+174411]
	Ordinal0 [0x00CE2528+75048]
	Ordinal0 [0x00CE35A0+79264]
	Ordinal0 [0x00CE3539+79161]
	Ordinal0 [0x00E7D607+1758727]
	GetHandleVerifier [0x01086546+1050150]
	GetHandleVerifier [0x01086291+1049457]
	GetHandleVerifier [0x010910D7+1094071]
	GetHandleVerifier [0x01086B46+1051686]
	Ordinal0 [0x00E75B06+1727238]
	Ordinal0 [0x00E7EB7B+1764219]
	Ordinal0 [0x00E7ECE3+1764579]
	Ordinal0 [0x00E94C05+1854469]
	BaseThreadInitThunk [0x76F96359+25]
	RtlGetAppContainerNamedObjectPath [0x77157C24+228]
	RtlGetAppContainerNamedObjectPath [0x77157BF4+180]

	at org.openqa.selenium.remote.W3CHandshakeResponse.lambda$errorHandler$0(W3CHandshakeResponse.java:62)
	at org.openqa.selenium.remote.HandshakeResponse.lambda$getResponseFunction$0(HandshakeResponse.java:30)
	at org.openqa.selenium.remote.ProtocolHandshake.lambda$createSession$0(ProtocolHandshake.java:126)
	at java.util.stream.ReferencePipeline$3$1.accept(Unknown Source)
	at java.util.Spliterators$ArraySpliterator.tryAdvance(Unknown Source)
	at java.util.stream.ReferencePipeline.forEachWithCancel(Unknown Source)
	at java.util.stream.AbstractPipeline.copyIntoWithCancel(Unknown Source)
	at java.util.stream.AbstractPipeline.copyInto(Unknown Source)
	at java.util.stream.AbstractPipeline.wrapAndCopyInto(Unknown Source)
	at java.util.stream.FindOps$FindOp.evaluateSequential(Unknown Source)
	at java.util.stream.AbstractPipeline.evaluate(Unknown Source)
	at java.util.stream.ReferencePipeline.findFirst(Unknown Source)
	at org.openqa.selenium.remote.ProtocolHandshake.createSession(ProtocolHandshake.java:128)
	at org.openqa.selenium.remote.ProtocolHandshake.createSession(ProtocolHandshake.java:74)
	at org.openqa.selenium.remote.HttpCommandExecutor.execute(HttpCommandExecutor.java:136)
	at org.openqa.selenium.remote.service.DriverCommandExecutor.execute(DriverCommandExecutor.java:83)
	at org.openqa.selenium.remote.RemoteWebDriver.execute(RemoteWebDriver.java:552)
	at org.openqa.selenium.remote.RemoteWebDriver.startSession(RemoteWebDriver.java:213)
	at org.openqa.selenium.remote.RemoteWebDriver.<init>(RemoteWebDriver.java:131)
	at org.openqa.selenium.chrome.ChromeDriver.<init>(ChromeDriver.java:181)
	at org.openqa.selenium.chrome.ChromeDriver.<init>(ChromeDriver.java:168)
	at org.openqa.selenium.chrome.ChromeDriver.<init>(ChromeDriver.java:123)
	at resources.base.initializeDriver(base.java:36)
	at Academy.FailureTest2.initilizedriver(FailureTest2.java:19)
... Removed 27 stack frames]]>
    </failure>
  </testcase> <!-- @BeforeTest initilizedriver -->
  <testcase name="dummy" time="0.001" classname="Academy.FailureTest2">
    <skipped/>
  </testcase> <!-- dummy -->
</testsuite> <!--  FailureTest2 -->
